c:\users\jason shields\downloads\cppcoursework2023-v103 - copy\cppcoursework2023-v103 - copy\release\vc143.pdb
c:\users\jason shields\downloads\cppcoursework2023-v103 - copy\cppcoursework2023-v103 - copy\release\simplebuttons.obj
c:\users\jason shields\downloads\cppcoursework2023-v103 - copy\cppcoursework2023-v103 - copy\release\scoredisplay.obj
c:\users\jason shields\downloads\cppcoursework2023-v103 - copy\cppcoursework2023-v103 - copy\release\scoreboard.obj
c:\users\jason shields\downloads\cppcoursework2023-v103 - copy\cppcoursework2023-v103 - copy\release\enddisplay.obj
c:\users\jason shields\downloads\cppcoursework2023-v103 - copy\cppcoursework2023-v103 - copy\release\drawingsurface.obj
c:\users\jason shields\downloads\cppcoursework2023-v103 - copy\cppcoursework2023-v103 - copy\release\draggingdemo.obj
c:\users\jason shields\downloads\cppcoursework2023-v103 - copy\cppcoursework2023-v103 - copy\release\chaseobject.obj
c:\users\jason shields\downloads\cppcoursework2023-v103 - copy\cppcoursework2023-v103 - copy\release\submitbutton.obj
c:\users\jason shields\downloads\cppcoursework2023-v103 - copy\cppcoursework2023-v103 - copy\release\startdisplay.obj
c:\users\jason shields\downloads\cppcoursework2023-v103 - copy\cppcoursework2023-v103 - copy\release\ratmage.obj
c:\users\jason shields\downloads\cppcoursework2023-v103 - copy\cppcoursework2023-v103 - copy\release\pausedisplay.obj
c:\users\jason shields\downloads\cppcoursework2023-v103 - copy\cppcoursework2023-v103 - copy\release\overlay.obj
c:\users\jason shields\downloads\cppcoursework2023-v103 - copy\cppcoursework2023-v103 - copy\release\basestatemanager.obj
c:\users\jason shields\downloads\cppcoursework2023-v103 - copy\cppcoursework2023-v103 - copy\release\baserangedattack.obj
c:\users\jason shields\downloads\cppcoursework2023-v103 - copy\cppcoursework2023-v103 - copy\release\baseenemy.obj
c:\users\jason shields\downloads\cppcoursework2023-v103 - copy\cppcoursework2023-v103 - copy\release\baseentity.obj
c:\users\jason shields\downloads\cppcoursework2023-v103 - copy\cppcoursework2023-v103 - copy\release\basedisplay.obj
c:\users\jason shields\downloads\cppcoursework2023-v103 - copy\cppcoursework2023-v103 - copy\release\basebutton.obj
c:\users\jason shields\downloads\cppcoursework2023-v103 - copy\cppcoursework2023-v103 - copy\release\backgroundtileobject.obj
c:\users\jason shields\downloads\cppcoursework2023-v103 - copy\cppcoursework2023-v103 - copy\release\backgroundtilemanager.obj
c:\users\jason shields\downloads\cppcoursework2023-v103 - copy\cppcoursework2023-v103 - copy\release\starfielddemo.obj
c:\users\jason shields\downloads\cppcoursework2023-v103 - copy\cppcoursework2023-v103 - copy\release\simpledemo.obj
c:\users\jason shields\downloads\cppcoursework2023-v103 - copy\cppcoursework2023-v103 - copy\release\simpleimage.obj
c:\users\jason shields\downloads\cppcoursework2023-v103 - copy\cppcoursework2023-v103 - copy\release\ratwarrior.obj
c:\users\jason shields\downloads\cppcoursework2023-v103 - copy\cppcoursework2023-v103 - copy\release\psyjs31tilemanager.obj
c:\users\jason shields\downloads\cppcoursework2023-v103 - copy\cppcoursework2023-v103 - copy\release\psyjs31engine.obj
c:\users\jason shields\downloads\cppcoursework2023-v103 - copy\cppcoursework2023-v103 - copy\release\playerobject.obj
c:\users\jason shields\downloads\cppcoursework2023-v103 - copy\cppcoursework2023-v103 - copy\release\mytilemanager.obj
c:\users\jason shields\downloads\cppcoursework2023-v103 - copy\cppcoursework2023-v103 - copy\release\myobjectb.obj
c:\users\jason shields\downloads\cppcoursework2023-v103 - copy\cppcoursework2023-v103 - copy\release\mydemoa.obj
c:\users\jason shields\downloads\cppcoursework2023-v103 - copy\cppcoursework2023-v103 - copy\release\mouseobject.obj
c:\users\jason shields\downloads\cppcoursework2023-v103 - copy\cppcoursework2023-v103 - copy\release\fontmanager.obj
c:\users\jason shields\downloads\cppcoursework2023-v103 - copy\cppcoursework2023-v103 - copy\release\displayableobject.obj
c:\users\jason shields\downloads\cppcoursework2023-v103 - copy\cppcoursework2023-v103 - copy\release\baseengine.obj
c:\users\jason shields\downloads\cppcoursework2023-v103 - copy\cppcoursework2023-v103 - copy\release\mainfunction.obj
c:\users\jason shields\downloads\cppcoursework2023-v103 - copy\cppcoursework2023-v103 - copy\release\imagemappingdemo.obj
c:\users\jason shields\downloads\cppcoursework2023-v103 - copy\cppcoursework2023-v103 - copy\release\gamemanager.obj
c:\users\jason shields\downloads\cppcoursework2023-v103 - copy\cppcoursework2023-v103 - copy\release\gameengine.obj
c:\users\jason shields\downloads\cppcoursework2023-v103 - copy\cppcoursework2023-v103 - copy\release\flashingdemo.obj
c:\users\jason shields\downloads\cppcoursework2023-v103 - copy\cppcoursework2023-v103 - copy\release\fireball.obj
c:\users\jason shields\downloads\cppcoursework2023-v103 - copy\cppcoursework2023-v103 - copy\release\zoomingdemo.obj
c:\users\jason shields\downloads\cppcoursework2023-v103 - copy\cppcoursework2023-v103 - copy\release\torch.obj
c:\users\jason shields\downloads\cppcoursework2023-v103 - copy\cppcoursework2023-v103 - copy\release\timerobject.obj
c:\users\jason shields\downloads\cppcoursework2023-v103 - copy\cppcoursework2023-v103 - copy\release\mazedemotilemanager.obj
c:\users\jason shields\downloads\cppcoursework2023-v103 - copy\cppcoursework2023-v103 - copy\release\mazedemoobject.obj
c:\users\jason shields\downloads\cppcoursework2023-v103 - copy\cppcoursework2023-v103 - copy\release\mazedemomain.obj
c:\users\jason shields\downloads\cppcoursework2023-v103 - copy\cppcoursework2023-v103 - copy\release\bouncingballmain.obj
c:\users\jason shields\downloads\cppcoursework2023-v103 - copy\cppcoursework2023-v103 - copy\release\bouncingball.obj
c:\users\jason shields\downloads\cppcoursework2023-v103 - copy\cppcoursework2023-v103 - copy\release\tilemanager.obj
c:\users\jason shields\downloads\cppcoursework2023-v103 - copy\cppcoursework2023-v103 - copy\release\textinputbox.obj
c:\users\jason shields\downloads\cppcoursework2023-v103 - copy\cppcoursework2023-v103 - copy\release\courseworkbase2020.ilk
c:\users\jason shields\downloads\cppcoursework2023-v103 - copy\cppcoursework2023-v103 - copy\release\courseworkbase2020.exe
c:\users\jason shields\downloads\cppcoursework2023-v103 - copy\cppcoursework2023-v103 - copy\release\courseworkbase2020.pdb
c:\users\jason shields\downloads\cppcoursework2023-v103 - copy\cppcoursework2023-v103 - copy\/release\courseworkbase2020.pdb
c:\users\jason shields\downloads\cppcoursework2023-v103 - copy\cppcoursework2023-v103 - copy\/release\courseworkbase2020.ilk
c:\users\jason shields\downloads\cppcoursework2023-v103 - copy\cppcoursework2023-v103 - copy\/release\courseworkbase.vcxproj.filelistabsolute.txt
c:\users\jason shields\downloads\cppcoursework2023-v103 - copy\cppcoursework2023-v103 - copy\release\coursewo.63f64093.tlog\cl.command.1.tlog
c:\users\jason shields\downloads\cppcoursework2023-v103 - copy\cppcoursework2023-v103 - copy\release\coursewo.63f64093.tlog\cl.items.tlog
c:\users\jason shields\downloads\cppcoursework2023-v103 - copy\cppcoursework2023-v103 - copy\release\coursewo.63f64093.tlog\cl.read.1.tlog
c:\users\jason shields\downloads\cppcoursework2023-v103 - copy\cppcoursework2023-v103 - copy\release\coursewo.63f64093.tlog\cl.write.1.tlog
c:\users\jason shields\downloads\cppcoursework2023-v103 - copy\cppcoursework2023-v103 - copy\release\coursewo.63f64093.tlog\link.command.1.tlog
c:\users\jason shields\downloads\cppcoursework2023-v103 - copy\cppcoursework2023-v103 - copy\release\coursewo.63f64093.tlog\link.read.1.tlog
c:\users\jason shields\downloads\cppcoursework2023-v103 - copy\cppcoursework2023-v103 - copy\release\coursewo.63f64093.tlog\link.write.1.tlog
