c:\users\jason shields\desktop\2006 c++\cppcoursework2023-v103\debug\courseworkbase2020.bsc
c:\users\jason shields\desktop\2006 c++\cppcoursework2023-v103\debug\vc143.pdb
c:\users\jason shields\desktop\2006 c++\cppcoursework2023-v103\debug\chaseobject.sbr
c:\users\jason shields\desktop\2006 c++\cppcoursework2023-v103\debug\draggingdemo.sbr
c:\users\jason shields\desktop\2006 c++\cppcoursework2023-v103\debug\drawingsurface.sbr
c:\users\jason shields\desktop\2006 c++\cppcoursework2023-v103\debug\flashingdemo.sbr
c:\users\jason shields\desktop\2006 c++\cppcoursework2023-v103\debug\imagemappingdemo.sbr
c:\users\jason shields\desktop\2006 c++\cppcoursework2023-v103\debug\mainfunction.sbr
c:\users\jason shields\desktop\2006 c++\cppcoursework2023-v103\debug\baseengine.sbr
c:\users\jason shields\desktop\2006 c++\cppcoursework2023-v103\debug\displayableobject.sbr
c:\users\jason shields\desktop\2006 c++\cppcoursework2023-v103\debug\fontmanager.sbr
c:\users\jason shields\desktop\2006 c++\cppcoursework2023-v103\debug\mouseobject.sbr
c:\users\jason shields\desktop\2006 c++\cppcoursework2023-v103\debug\mydemoa.sbr
c:\users\jason shields\desktop\2006 c++\cppcoursework2023-v103\debug\myobjectb.sbr
c:\users\jason shields\desktop\2006 c++\cppcoursework2023-v103\debug\mytilemanager.sbr
c:\users\jason shields\desktop\2006 c++\cppcoursework2023-v103\debug\playerobject.sbr
c:\users\jason shields\desktop\2006 c++\cppcoursework2023-v103\debug\psyjs31engine.sbr
c:\users\jason shields\desktop\2006 c++\cppcoursework2023-v103\debug\psyjs31tilemanager.sbr
c:\users\jason shields\desktop\2006 c++\cppcoursework2023-v103\debug\simpleimage.sbr
c:\users\jason shields\desktop\2006 c++\cppcoursework2023-v103\debug\simpledemo.sbr
c:\users\jason shields\desktop\2006 c++\cppcoursework2023-v103\debug\starfielddemo.sbr
c:\users\jason shields\desktop\2006 c++\cppcoursework2023-v103\debug\tilemanager.sbr
c:\users\jason shields\desktop\2006 c++\cppcoursework2023-v103\debug\tilemanager.obj
c:\users\jason shields\desktop\2006 c++\cppcoursework2023-v103\debug\starfielddemo.obj
c:\users\jason shields\desktop\2006 c++\cppcoursework2023-v103\debug\simpledemo.obj
c:\users\jason shields\desktop\2006 c++\cppcoursework2023-v103\debug\simpleimage.obj
c:\users\jason shields\desktop\2006 c++\cppcoursework2023-v103\debug\psyjs31tilemanager.obj
c:\users\jason shields\desktop\2006 c++\cppcoursework2023-v103\debug\psyjs31engine.obj
c:\users\jason shields\desktop\2006 c++\cppcoursework2023-v103\debug\playerobject.obj
c:\users\jason shields\desktop\2006 c++\cppcoursework2023-v103\debug\mytilemanager.obj
c:\users\jason shields\desktop\2006 c++\cppcoursework2023-v103\debug\myobjectb.obj
c:\users\jason shields\desktop\2006 c++\cppcoursework2023-v103\debug\mydemoa.obj
c:\users\jason shields\desktop\2006 c++\cppcoursework2023-v103\debug\mouseobject.obj
c:\users\jason shields\desktop\2006 c++\cppcoursework2023-v103\debug\fontmanager.obj
c:\users\jason shields\desktop\2006 c++\cppcoursework2023-v103\debug\displayableobject.obj
c:\users\jason shields\desktop\2006 c++\cppcoursework2023-v103\debug\baseengine.obj
c:\users\jason shields\desktop\2006 c++\cppcoursework2023-v103\debug\mainfunction.obj
c:\users\jason shields\desktop\2006 c++\cppcoursework2023-v103\debug\imagemappingdemo.obj
c:\users\jason shields\desktop\2006 c++\cppcoursework2023-v103\debug\flashingdemo.obj
c:\users\jason shields\desktop\2006 c++\cppcoursework2023-v103\debug\drawingsurface.obj
c:\users\jason shields\desktop\2006 c++\cppcoursework2023-v103\debug\draggingdemo.obj
c:\users\jason shields\desktop\2006 c++\cppcoursework2023-v103\debug\chaseobject.obj
c:\users\jason shields\desktop\2006 c++\cppcoursework2023-v103\debug\bouncingball.sbr
c:\users\jason shields\desktop\2006 c++\cppcoursework2023-v103\debug\bouncingballmain.sbr
c:\users\jason shields\desktop\2006 c++\cppcoursework2023-v103\debug\mazedemomain.sbr
c:\users\jason shields\desktop\2006 c++\cppcoursework2023-v103\debug\mazedemoobject.sbr
c:\users\jason shields\desktop\2006 c++\cppcoursework2023-v103\debug\mazedemotilemanager.sbr
c:\users\jason shields\desktop\2006 c++\cppcoursework2023-v103\debug\timerobject.sbr
c:\users\jason shields\desktop\2006 c++\cppcoursework2023-v103\debug\zoomingdemo.sbr
c:\users\jason shields\desktop\2006 c++\cppcoursework2023-v103\debug\zoomingdemo.obj
c:\users\jason shields\desktop\2006 c++\cppcoursework2023-v103\debug\timerobject.obj
c:\users\jason shields\desktop\2006 c++\cppcoursework2023-v103\debug\mazedemotilemanager.obj
c:\users\jason shields\desktop\2006 c++\cppcoursework2023-v103\debug\mazedemoobject.obj
c:\users\jason shields\desktop\2006 c++\cppcoursework2023-v103\debug\mazedemomain.obj
c:\users\jason shields\desktop\2006 c++\cppcoursework2023-v103\debug\bouncingballmain.obj
c:\users\jason shields\desktop\2006 c++\cppcoursework2023-v103\debug\bouncingball.obj
c:\users\jason shields\desktop\2006 c++\cppcoursework2023-v103\debug\courseworkbase2020.exe
c:\users\jason shields\desktop\2006 c++\cppcoursework2023-v103\debug\courseworkbase2020.ilk
c:\users\jason shields\desktop\2006 c++\cppcoursework2023-v103\src\map
c:\users\jason shields\desktop\2006 c++\cppcoursework2023-v103\debug\courseworkbase2020.pdb
c:\users\jason shields\desktop\2006 c++\cppcoursework2023-v103\/debug\courseworkbase2020.pdb
c:\users\jason shields\desktop\2006 c++\cppcoursework2023-v103\/debug\courseworkbase2020.bsc
c:\users\jason shields\desktop\2006 c++\cppcoursework2023-v103\/debug\courseworkbase2020.ilk
c:\users\jason shields\desktop\2006 c++\cppcoursework2023-v103\/debug\courseworkbase.vcxproj.filelistabsolute.txt
c:\users\jason shields\desktop\2006 c++\cppcoursework2023-v103\debug\coursewo.63f64093.tlog\bscmake.command.1.tlog
c:\users\jason shields\desktop\2006 c++\cppcoursework2023-v103\debug\coursewo.63f64093.tlog\bscmake.read.1.tlog
c:\users\jason shields\desktop\2006 c++\cppcoursework2023-v103\debug\coursewo.63f64093.tlog\bscmake.write.1.tlog
c:\users\jason shields\desktop\2006 c++\cppcoursework2023-v103\debug\coursewo.63f64093.tlog\cl.command.1.tlog
c:\users\jason shields\desktop\2006 c++\cppcoursework2023-v103\debug\coursewo.63f64093.tlog\cl.items.tlog
c:\users\jason shields\desktop\2006 c++\cppcoursework2023-v103\debug\coursewo.63f64093.tlog\cl.read.1.tlog
c:\users\jason shields\desktop\2006 c++\cppcoursework2023-v103\debug\coursewo.63f64093.tlog\cl.write.1.tlog
c:\users\jason shields\desktop\2006 c++\cppcoursework2023-v103\debug\coursewo.63f64093.tlog\link.command.1.tlog
c:\users\jason shields\desktop\2006 c++\cppcoursework2023-v103\debug\coursewo.63f64093.tlog\link.read.1.tlog
c:\users\jason shields\desktop\2006 c++\cppcoursework2023-v103\debug\coursewo.63f64093.tlog\link.write.1.tlog
