  BackgroundTileManager.cpp
  BackgroundTileObject.cpp
  BaseButton.cpp
  BaseDisplay.cpp
  BaseEntity.cpp
  BaseEnemy.cpp
  BaseRangedAttack.cpp
  BaseStateManager.cpp
  Overlay.cpp
  PauseDisplay.cpp
  RatMage.cpp
  StartDisplay.cpp
  SubmitButton.cpp
  ChaseObject.cpp
  DraggingDemo.cpp
  DrawingSurface.cpp
  EndDisplay.cpp
  Scoreboard.cpp
  ScoreDisplay.cpp
  SimpleButtons.cpp
  Generating Code...
  Compiling...
  Fireball.cpp
  FlashingDemo.cpp
  GameEngine.cpp
  GameManager.cpp
  ImageMappingDemo.cpp
  mainfunction.cpp
  BaseEngine.cpp
  DisplayableObject.cpp
  FontManager.cpp
  MouseObject.cpp
  MyDemoA.cpp
  MyObjectB.cpp
  MyTileManager.cpp
  PlayerObject.cpp
  Psyjs31Engine.cpp
  Psyjs31TileManager.cpp
  RatWarrior.cpp
  SimpleImage.cpp
  SimpleDemo.cpp
  StarfieldDemo.cpp
  Generating Code...
  Compiling...
  TextInputBox.cpp
  TileManager.cpp
  BouncingBall.cpp
  BouncingBallMain.cpp
  MazeDemoMain.cpp
  MazeDemoObject.cpp
  MazeDemoTileManager.cpp
  TimerObject.cpp
  Torch.cpp
  ZoomingDemo.cpp
  Generating Code...
  LINK : C:\Users\Jason Shields\Desktop\save\CPPCoursework2023-v103 - Copy\CPPCoursework2023-v103 - CW2 Final\\Debug\CourseworkBase2020.exe not found or not built by the last incremental link; performing full link
  CourseworkBase.vcxproj -> C:\Users\Jason Shields\Desktop\save\CPPCoursework2023-v103 - Copy\CPPCoursework2023-v103 - CW2 Final\Debug\CourseworkBase2020.exe
